INFO - Mail sent to Recipient: dynamic input 1 <jcarpio@accuratequant.com>
INFO - Mail sent to Recipient: dynamic input 1 <jcarpio@accuratequant.com>
INFO - Mail sent to Recipient: Jose <jcarpio@accuratequant.com>
INFO - Mail sent to Recipient: Jose <jcarpio@accuratequant.com>
INFO - Mail sent to Recipient: Igor <ialonso@accuratequant.com>
INFO - Mail sent to Recipient: Igor <ialonso@accuratequant.com>
INFO - Mail sent to Recipient: Jose <jcarpio@accuratequant.com>
INFO - Mail sent to Recipient: Jose <jcarpio@accuratequant.com>
INFO - Mail sent to Recipient: Jose <jcarpio@accuratequant.com>
INFO - Mail sent to Recipient: Jose <jcarpio@accuratequant.com>
INFO - Mail sent to Recipient: jose <jcarpio@accuratequant.com>
INFO - Mail sent to Recipient: jose <jcarpio@accuratequant.com>
INFO - Mail sent to Recipient: andres <acarpio@accuratequant.com>
INFO - Mail sent to Recipient: andres <acarpio@accuratequant.com>
INFO - Mail sent to Recipient: jose <jcarpio@accuratequant.com>
INFO - Mail sent to Recipient: jose <jcarpio@accuratequant.com>
INFO - Mail sent to Recipient: andres <acarpio@accuratequant.com>
INFO - Mail sent to Recipient: andres <acarpio@accuratequant.com>
INFO - Mail sent to Recipient: jose <jcarpio@accuratequant.com>
INFO - Mail sent to Recipient: jose <jcarpio@accuratequant.com>
INFO - Mail sent to Recipient: jose <jcarpio@accuratequant.com>
INFO - Mail sent to Recipient: jose <jcarpio@accuratequant.com>
INFO - Mail sent to Recipient: jose <jcarpio@accuratequant.com>
INFO - Mail sent to Recipient: jose <jcarpio@accuratequant.com>
INFO - Mail sent to Recipient: jose <jcarpio@accuratequant.com>
INFO - Mail sent to Recipient: jose <jcarpio@accuratequant.com>
INFO - Mail sent to Recipient: jose <jcarpio@accuratequant.com>
INFO - Mail sent to Recipient: jose <jcarpio@accuratequant.com>
INFO - Mail sent to Recipient: Igor <ialonso@accuratequant.com>
INFO - Mail sent to Recipient: Igor <ialonso@accuratequant.com>
INFO - Mail sent to Recipient: jose <jcarpio@accuratequant.com>
INFO - Mail sent to Recipient: jose <jcarpio@accuratequant.com>
INFO - Mail sent to Recipient: jose <jcarpio@accuratequant.com>
INFO - Mail sent to Recipient: jose <jcarpio@accuratequant.com>
INFO - Mail sent to Recipient: Igor <ialonso@accuratequant.com>
INFO - Mail sent to Recipient: Igor <ialonso@accuratequant.com>
INFO - Mail sent to Recipient: jose <jcarpio@accuratequant.com>
INFO - Mail sent to Recipient: jose <jcarpio@accuratequant.com>
INFO - Mail sent to Recipient: Igor <ialonso@accuratequant.com>
INFO - Mail sent to Recipient: Igor <ialonso@accuratequant.com>
INFO - Mail sent to Recipient: jose <jcarpio@accuratequant.com>
INFO - Mail sent to Recipient: jose <jcarpio@accuratequant.com>
INFO - Mail sent to Recipient: jose <jcarpio@accuratequant.com>
INFO - Mail sent to Recipient: jose <jcarpio@accuratequant.com>
INFO - Mail sent to Recipient: jose <jcarpio@accuratequant.com>
INFO - Mail sent to Recipient: jose <jcarpio@accuratequant.com>
INFO - Mail sent to Recipient: jose <jcarpio@accuratequant.com>
INFO - Mail sent to Recipient: jose <jcarpio@accuratequant.com>
INFO - Mail sent to Recipient: Jose <jcarpio@accuratequant.com>
INFO - Mail sent to Recipient: Jose <jcarpio@accuratequant.com>
INFO - Mail sent to Recipient: Igor <ialonso@accuratequant.com>
INFO - Mail sent to Recipient: Igor <ialonso@accuratequant.com>
INFO - Mail sent to Recipient: Jose <jcarpio@accuratequant.com>
INFO - Mail sent to Recipient: Jose <jcarpio@accuratequant.com>
INFO - Mail sent to Recipient: Jose <jcarpio@accuratequant.com>
INFO - Mail sent to Recipient: Jose <jcarpio@accuratequant.com>
INFO - Mail sent to Recipient: Jose <jcarpio@accuratequant.com>
INFO - Mail sent to Recipient: Jose <jcarpio@accuratequant.com>
INFO - Mail sent to Recipient: Jose <jcarpio@accuratequant.com>
INFO - Mail sent to Recipient: Jose <jcarpio@accuratequant.com>
WARNING - attachment file not found
WARNING - attachment file not found
INFO - Mail sent to Recipient: Jose <jcarpio@accuratequant.com>
INFO - Mail sent to Recipient: Jose <jcarpio@accuratequant.com>
WARNING - attachment file not found
WARNING - attachment file not found
INFO - Mail sent to Recipient: Jose <jcarpio@accuratequant.com>
INFO - Mail sent to Recipient: Jose <jcarpio@accuratequant.com>
WARNING - attachment file not found
WARNING - attachment file not found
INFO - Mail sent to Recipient: Igor <ialonso@accuratequant.com>
INFO - Mail sent to Recipient: Igor <ialonso@accuratequant.com>
WARNING - attachment file not found
WARNING - attachment file not found
ERROR - Recipient email address failed: Jose <jcarpio@accuratequant.com>
ERROR - Recipient email address failed: Jose <jcarpio@accuratequant.com>
WARNING - attachment file not found
WARNING - attachment file not found
INFO - Mail sent to Recipient: Jose <jcarpio@accuratequant.com>
INFO - Mail sent to Recipient: Jose <jcarpio@accuratequant.com>
